<?xml version="1.0" encoding="UTF-8"?>
<!-- Generated by org.testng.reporters.JUnitReportReporter -->
<testsuite hostname="automation-and-continuous-delivery" failures="0" tests="1" name="com.synergists.app.AppTest" time="0.009" errors="0" timestamp="2024-02-11T19:52:08 IST" skipped="0">
  <testcase classname="com.synergists.app.AppTest" name="shouldAnswerWithTrue" time="0.009"/>
</testsuite> <!-- com.synergists.app.AppTest -->
